============================= test session starts =============================
platform win32 -- Python 3.14.4, pytest-8.4.2, pluggy-1.6.0 -- E:\Career tracker\.venv\Scripts\python.exe
cachedir: .pytest_cache
rootdir: E:\Career tracker
configfile: pyproject.toml
plugins: anyio-4.14.2, asyncio-0.26.0, respx-0.23.1
asyncio: mode=Mode.STRICT, asyncio_default_fixture_loop_scope=None, asyncio_default_test_loop_scope=function
collecting ... collected 125 items

tests/test_ats_parsers.py::TestGreenhouseParser::test_parses_all_jobs PASSED [  0%]
tests/test_ats_parsers.py::TestGreenhouseParser::test_job_fields PASSED  [  1%]
tests/test_ats_parsers.py::TestGreenhouseParser::test_description_html_stripped PASSED [  2%]
tests/test_ats_parsers.py::TestGreenhouseParser::test_posted_date_parsed PASSED [  3%]
tests/test_ats_parsers.py::TestGreenhouseParser::test_job_id_format PASSED [  4%]
tests/test_ats_parsers.py::TestGreenhouseParser::test_empty_response PASSED [  4%]
tests/test_ats_parsers.py::TestGreenhouseParser::test_no_jobs_key PASSED [  5%]
tests/test_ats_parsers.py::TestGreenhouseParser::test_hash_generated PASSED [  6%]
tests/test_ats_parsers.py::TestLeverParser::test_parses_all_postings PASSED [  7%]
tests/test_ats_parsers.py::TestLeverParser::test_job_fields PASSED       [  8%]
tests/test_ats_parsers.py::TestLeverParser::test_description_includes_additional PASSED [  8%]
tests/test_ats_parsers.py::TestLeverParser::test_posted_date_from_timestamp PASSED [  9%]
tests/test_ats_parsers.py::TestLeverParser::test_job_id_format PASSED    [ 10%]
tests/test_ats_parsers.py::TestLeverParser::test_empty_array PASSED      [ 11%]
tests/test_ats_parsers.py::TestLeverParser::test_non_list_response PASSED [ 12%]
tests/test_ats_parsers.py::TestSmartRecruitersParser::test_parses_all_postings PASSED [ 12%]
tests/test_ats_parsers.py::TestSmartRecruitersParser::test_job_fields PASSED [ 13%]
tests/test_ats_parsers.py::TestSmartRecruitersParser::test_remote_job_location PASSED [ 14%]
tests/test_ats_parsers.py::TestSmartRecruitersParser::test_posted_date_parsed PASSED [ 15%]
tests/test_ats_parsers.py::TestSmartRecruitersParser::test_empty_content PASSED [ 16%]
tests/test_ats_parsers.py::TestParserRegistry::test_greenhouse_registered PASSED [ 16%]
tests/test_ats_parsers.py::TestParserRegistry::test_lever_registered PASSED [ 17%]
tests/test_ats_parsers.py::TestParserRegistry::test_smartrecruiters_registered PASSED [ 18%]
tests/test_ats_parsers.py::TestParserRegistry::test_unknown_not_registered PASSED [ 19%]
tests/test_ats_parsers.py::TestParserRegistry::test_supported_types PASSED [ 20%]
tests/test_dedup.py::TestDedupStore::test_new_job_is_new PASSED          [ 20%]
tests/test_dedup.py::TestDedupStore::test_seen_job_not_new PASSED        [ 21%]
tests/test_dedup.py::TestDedupStore::test_different_jobs_are_independent PASSED [ 22%]
tests/test_dedup.py::TestDedupStore::test_filter_new_returns_only_new PASSED [ 23%]
tests/test_dedup.py::TestDedupStore::test_count_seen PASSED              [ 24%]
tests/test_dedup.py::TestDedupStore::test_count_seen_by_company PASSED   [ 24%]
tests/test_dedup.py::TestDedupStore::test_clear_all PASSED               [ 25%]
tests/test_dedup.py::TestDedupStore::test_clear_by_company PASSED        [ 26%]
tests/test_dedup.py::TestDedupStore::test_mark_seen_idempotent PASSED    [ 27%]
tests/test_dedup.py::TestDedupStore::test_persistence_across_instances PASSED [ 28%]
tests/test_dedup.py::TestDedupStore::test_record_run_returns_run_id PASSED [ 28%]
tests/test_dedup.py::TestDedupStore::test_record_run_stores_correct_values PASSED [ 29%]
tests/test_dedup.py::TestDedupStore::test_record_run_empty_errors PASSED [ 30%]
tests/test_fetcher.py::TestATSUrlResolution::test_greenhouse_boards_url PASSED [ 31%]
tests/test_fetcher.py::TestATSUrlResolution::test_greenhouse_custom_domain PASSED [ 32%]
tests/test_fetcher.py::TestATSUrlResolution::test_lever_url PASSED       [ 32%]
tests/test_fetcher.py::TestATSUrlResolution::test_smartrecruiters_url PASSED [ 33%]
tests/test_fetcher.py::TestATSUrlResolution::test_unknown_ats_returns_original PASSED [ 34%]
tests/test_fetcher.py::TestATSUrlResolution::test_trailing_slash_stripped PASSED [ 35%]
tests/test_fetcher.py::TestFetchResult::test_is_json_true PASSED         [ 36%]
tests/test_fetcher.py::TestFetchResult::test_is_json_false PASSED        [ 36%]
tests/test_fetcher.py::TestFetchResult::test_repr PASSED                 [ 37%]
tests/test_fetcher.py::TestStrategyDispatch::test_disabled_company_raises PASSED [ 38%]
tests/test_fetcher.py::TestStrategyDispatch::test_js_strategy_fallback PASSED [ 39%]
tests/test_fetcher.py::TestStrategyDispatch::test_js_strategy_dispatch PASSED [ 40%]
tests/test_fetcher.py::TestFetchError::test_error_attributes PASSED      [ 40%]
tests/test_fetcher.py::TestFetchStatic::test_fetch_static_returns_content PASSED [ 41%]
tests/test_fetcher.py::TestFetchStatic::test_fetch_static_raises_on_404 PASSED [ 42%]
tests/test_matcher.py::TestBuildProfileText::test_includes_titles PASSED [ 43%]
tests/test_matcher.py::TestBuildProfileText::test_includes_skills PASSED [ 44%]
tests/test_matcher.py::TestBuildProfileText::test_includes_summary PASSED [ 44%]
tests/test_matcher.py::TestBuildProfileText::test_empty_profile PASSED   [ 45%]
tests/test_matcher.py::TestBuildJobText::test_includes_title_and_description PASSED [ 46%]
tests/test_matcher.py::TestBuildJobText::test_includes_department PASSED [ 47%]
tests/test_matcher.py::TestKeywordAdjustments::test_boost_increases_score PASSED [ 48%]
tests/test_matcher.py::TestKeywordAdjustments::test_penalize_decreases_score PASSED [ 48%]
tests/test_matcher.py::TestKeywordAdjustments::test_score_clamped_to_0_1 PASSED [ 49%]
tests/test_matcher.py::TestScoreJobs::test_returns_scored_jobs PASSED    [ 50%]
tests/test_matcher.py::TestScoreJobs::test_relevant_job_scores_higher PASSED [ 51%]
tests/test_matcher.py::TestScoreJobs::test_sorted_by_score_descending PASSED [ 52%]
tests/test_matcher.py::TestScoreJobs::test_empty_jobs_list PASSED        [ 52%]
tests/test_matcher.py::TestScoreJobs::test_match_reason_includes_skills PASSED [ 53%]
tests/test_matcher.py::TestFilterByScore::test_filters_below_threshold PASSED [ 54%]
tests/test_matcher.py::TestFilterByScore::test_exact_threshold_included PASSED [ 55%]
tests/test_matcher.py::TestMatchJobs::test_end_to_end_matching PASSED    [ 56%]
tests/test_notifier.py::TestSendAlert::test_send_alert_success PASSED    [ 56%]
tests/test_notifier.py::TestSendAlert::test_send_alert_raises_if_no_token PASSED [ 57%]
tests/test_notifier.py::TestDraftMatchNote::test_draft_note_with_llm PASSED [ 58%]
tests/test_notifier.py::TestDraftMatchNote::test_draft_note_falls_back_without_api_key PASSED [ 59%]
tests/test_notifier.py::TestNotifyMatches::test_no_chat_id_does_nothing PASSED [ 60%]
tests/test_orchestrator.py::TestMain::test_main_orchestration PASSED     [ 60%]
tests/test_orchestrator.py::TestMain::test_main_handles_fetch_error PASSED [ 61%]
tests/test_schema.py::TestJobModel::test_create_valid_job PASSED         [ 62%]
tests/test_schema.py::TestJobModel::test_empty_title_rejected PASSED     [ 63%]
tests/test_schema.py::TestJobModel::test_empty_company_rejected PASSED   [ 64%]
tests/test_schema.py::TestJobModel::test_invalid_url_rejected PASSED     [ 64%]
tests/test_schema.py::TestJobModel::test_hash_auto_generated PASSED      [ 65%]
tests/test_schema.py::TestJobModel::test_hash_stable PASSED              [ 66%]
tests/test_schema.py::TestJobModel::test_hash_not_overwritten_if_provided PASSED [ 67%]
tests/test_schema.py::TestJobModel::test_title_stripped PASSED           [ 68%]
tests/test_schema.py::TestJobModel::test_extracted_at_auto_set PASSED    [ 68%]
tests/test_schema.py::TestJobModel::test_tags_default_empty PASSED       [ 69%]
tests/test_schema.py::TestJobModel::test_all_source_types PASSED         [ 70%]
tests/test_schema.py::TestMakeId::test_with_external_id PASSED           [ 71%]
tests/test_schema.py::TestMakeId::test_with_spaces_in_company PASSED     [ 72%]
tests/test_schema.py::TestMakeId::test_without_external_id PASSED        [ 72%]
tests/test_schema.py::TestMakeId::test_content_hash_deterministic PASSED [ 73%]
tests/test_schema.py::TestScoredJob::test_valid_scored_job PASSED        [ 74%]
tests/test_schema.py::TestScoredJob::test_score_out_of_range PASSED      [ 75%]
tests/test_schema.py::TestScoredJob::test_negative_score_rejected PASSED [ 76%]
tests/test_schema.py::TestCompanyConfig::test_valid_config PASSED        [ 76%]
tests/test_schema.py::TestCompanyConfig::test_invalid_strategy_rejected PASSED [ 77%]
tests/test_schema.py::TestCompanyConfig::test_empty_name_rejected PASSED [ 78%]
tests/test_seniority_filter.py::TestDetectSeniority::test_detection[Software Engineering Intern-intern] PASSED [ 79%]
tests/test_seniority_filter.py::TestDetectSeniority::test_detection[Summer Internship - Engineering-intern] PASSED [ 80%]
tests/test_seniority_filter.py::TestDetectSeniority::test_detection[Co-op Developer-intern] PASSED [ 80%]
tests/test_seniority_filter.py::TestDetectSeniority::test_detection[Junior Software Engineer-junior] PASSED [ 81%]
tests/test_seniority_filter.py::TestDetectSeniority::test_detection[Jr. Developer-junior] PASSED [ 82%]
tests/test_seniority_filter.py::TestDetectSeniority::test_detection[Associate Software Engineer-junior] PASSED [ 83%]
tests/test_seniority_filter.py::TestDetectSeniority::test_detection[Senior Software Engineer-senior] PASSED [ 84%]
tests/test_seniority_filter.py::TestDetectSeniority::test_detection[Sr. Backend Developer-senior] PASSED [ 84%]
tests/test_seniority_filter.py::TestDetectSeniority::test_detection[Staff Engineer-staff] PASSED [ 85%]
tests/test_seniority_filter.py::TestDetectSeniority::test_detection[Principal Engineer-principal] PASSED [ 86%]
tests/test_seniority_filter.py::TestDetectSeniority::test_detection[Distinguished Engineer-principal] PASSED [ 87%]
tests/test_seniority_filter.py::TestDetectSeniority::test_detection[Tech Lead-lead] PASSED [ 88%]
tests/test_seniority_filter.py::TestDetectSeniority::test_detection[Team Lead, Backend-lead] PASSED [ 88%]
tests/test_seniority_filter.py::TestDetectSeniority::test_detection[Engineering Manager-manager] PASSED [ 89%]
tests/test_seniority_filter.py::TestDetectSeniority::test_detection[Director of Engineering-director] PASSED [ 90%]
tests/test_seniority_filter.py::TestDetectSeniority::test_detection[Head of Platform-director] PASSED [ 91%]
tests/test_seniority_filter.py::TestDetectSeniority::test_detection[VP of Engineering-vp] PASSED [ 92%]
tests/test_seniority_filter.py::TestDetectSeniority::test_detection[Vice President, Technology-vp] PASSED [ 92%]
tests/test_seniority_filter.py::TestDetectSeniority::test_detection[CTO-executive] PASSED [ 93%]
tests/test_seniority_filter.py::TestDetectSeniority::test_detection[Chief Technology Officer-executive] PASSED [ 94%]
tests/test_seniority_filter.py::TestDetectSeniority::test_unknown_for_generic_title PASSED [ 95%]
tests/test_seniority_filter.py::TestDetectSeniority::test_case_insensitive PASSED [ 96%]
tests/test_seniority_filter.py::TestFilterBySeniority::test_filters_by_target_levels PASSED [ 96%]
tests/test_seniority_filter.py::TestFilterBySeniority::test_include_unknown_default PASSED [ 97%]
tests/test_seniority_filter.py::TestFilterBySeniority::test_empty_target_returns_all PASSED [ 98%]
tests/test_seniority_filter.py::TestFilterBySeniority::test_no_matching_jobs PASSED [ 99%]
tests/test_seniority_filter.py::TestFilterBySeniority::test_all_matching PASSED [100%]

============================== warnings summary ===============================
tests/test_ats_parsers.py::TestGreenhouseParser::test_parses_all_jobs
  E:\Career tracker\.venv\Lib\site-packages\pytest_asyncio\plugin.py:1216: DeprecationWarning: 'asyncio.get_event_loop_policy' is deprecated and slated for removal in Python 3.16
    return asyncio.get_event_loop_policy()

-- Docs: https://docs.pytest.org/en/stable/how-to/capture-warnings.html
======================= 125 passed, 1 warning in 7.86s ========================
